<?xml version="1.0" encoding="UTF-8"?>
<!-- Generated by org.testng.reporters.JUnitXMLReporter -->
<testsuite hostname="Karthiks-MacBook-Air.local" failures="0" tests="9" name="Test2" time="0.171" errors="0" timestamp="13 Mar 2020 20:33:16 GMT">
  <testcase classname="MyTestClass1" name="myTestMethod1" time="0.015"/>
  <testcase classname="MyTestClass1" name="myTestMethod2" time="0.013"/>
  <testcase classname="MyTestClass2" name="myTestMethod3" time="0.005"/>
  <testcase classname="MyTestClass2" name="myTestMethod3" time="0.007"/>
  <testcase classname="MyTestClass2" name="myTestMethod3" time="0.01"/>
  <testcase classname="MyTestClass2" name="myTestMethod3" time="0.024"/>
  <testcase classname="MyTestClass2" name="myTestMethod3" time="0.031"/>
  <testcase classname="MyTestClass2" name="myTestMethod3" time="0.011"/>
  <testcase classname="MyTestClass2" name="myTestMethod4" time="0.002"/>
</testsuite> <!-- Test2 -->
