<?xml version="1.0" encoding="UTF-8"?>
<!-- Generated by org.testng.reporters.JUnitXMLReporter -->
<testsuite hostname="Karthiks-MacBook-Air.local" failures="0" tests="7" name="Test1" time="0.118" errors="0" timestamp="13 Mar 2020 20:33:16 GMT">
  <testcase classname="MyTestClass2" name="myTestMethod3" time="0.012"/>
  <testcase classname="MyTestClass2" name="myTestMethod3" time="0.015"/>
  <testcase classname="MyTestClass2" name="myTestMethod3" time="0.018"/>
  <testcase classname="MyTestClass2" name="myTestMethod3" time="0.02"/>
  <testcase classname="MyTestClass2" name="myTestMethod3" time="0.021"/>
  <testcase classname="MyTestClass2" name="myTestMethod3" time="0.019"/>
  <testcase classname="MyTestClass2" name="myTestMethod4" time="0.005"/>
</testsuite> <!-- Test1 -->
