<?xml version="1.0" encoding="UTF-8"?>
<testng-results total="16" passed="16" failed="0" skipped="0">
  <reporter-output>
  </reporter-output>
  <suite started-at="2020-03-13T20:33:16Z" name="Suite" finished-at="2020-03-13T20:33:16Z" duration-ms="172">
    <groups>
    </groups>
    <test started-at="2020-03-13T20:33:16Z" name="Test1" finished-at="2020-03-13T20:33:16Z" duration-ms="118">
      <class name="MyTestClass2">
        <test-method is-config="true" signature="beforeTest()[pri:0, instance:MyTestClass2@759d26fb]" started-at="2020-03-13T13:33:16Z" name="beforeTest" finished-at="2020-03-13T13:33:16Z" duration-ms="1" status="PASS">
          <reporter-output>
          </reporter-output>
        </test-method> <!-- beforeTest -->
        <test-method is-config="true" signature="beforeClass()[pri:0, instance:MyTestClass2@759d26fb]" started-at="2020-03-13T13:33:16Z" name="beforeClass" finished-at="2020-03-13T13:33:16Z" duration-ms="0" status="PASS">
          <reporter-output>
          </reporter-output>
        </test-method> <!-- beforeClass -->
        <test-method is-config="true" signature="beforeMethod()[pri:0, instance:MyTestClass2@759d26fb]" started-at="2020-03-13T13:33:16Z" name="beforeMethod" finished-at="2020-03-13T13:33:16Z" duration-ms="2" status="PASS">
          <reporter-output>
          </reporter-output>
        </test-method> <!-- beforeMethod -->
        <test-method is-config="true" signature="beforeMethod()[pri:0, instance:MyTestClass2@759d26fb]" started-at="2020-03-13T13:33:16Z" name="beforeMethod" finished-at="2020-03-13T13:33:16Z" duration-ms="3" status="PASS">
          <reporter-output>
          </reporter-output>
        </test-method> <!-- beforeMethod -->
        <test-method is-config="true" signature="beforeMethod()[pri:0, instance:MyTestClass2@759d26fb]" started-at="2020-03-13T13:33:16Z" name="beforeMethod" finished-at="2020-03-13T13:33:16Z" duration-ms="2" status="PASS">
          <reporter-output>
          </reporter-output>
        </test-method> <!-- beforeMethod -->
        <test-method is-config="true" signature="beforeMethod()[pri:0, instance:MyTestClass2@759d26fb]" started-at="2020-03-13T13:33:16Z" name="beforeMethod" finished-at="2020-03-13T13:33:16Z" duration-ms="0" status="PASS">
          <reporter-output>
          </reporter-output>
        </test-method> <!-- beforeMethod -->
        <test-method is-config="true" signature="beforeMethod()[pri:0, instance:MyTestClass2@759d26fb]" started-at="2020-03-13T13:33:16Z" name="beforeMethod" finished-at="2020-03-13T13:33:16Z" duration-ms="1" status="PASS">
          <reporter-output>
          </reporter-output>
        </test-method> <!-- beforeMethod -->
        <test-method signature="myTestMethod3()[pri:0, instance:MyTestClass2@759d26fb]" started-at="2020-03-13T13:33:16Z" name="myTestMethod3" finished-at="2020-03-13T13:33:16Z" duration-ms="18" status="PASS">
          <reporter-output>
          </reporter-output>
        </test-method> <!-- myTestMethod3 -->
        <test-method signature="myTestMethod3()[pri:0, instance:MyTestClass2@759d26fb]" started-at="2020-03-13T13:33:16Z" name="myTestMethod3" finished-at="2020-03-13T13:33:16Z" duration-ms="20" status="PASS">
          <reporter-output>
          </reporter-output>
        </test-method> <!-- myTestMethod3 -->
        <test-method signature="myTestMethod3()[pri:0, instance:MyTestClass2@759d26fb]" started-at="2020-03-13T13:33:16Z" name="myTestMethod3" finished-at="2020-03-13T13:33:16Z" duration-ms="21" status="PASS">
          <reporter-output>
          </reporter-output>
        </test-method> <!-- myTestMethod3 -->
        <test-method signature="myTestMethod3()[pri:0, instance:MyTestClass2@759d26fb]" started-at="2020-03-13T13:33:16Z" name="myTestMethod3" finished-at="2020-03-13T13:33:16Z" duration-ms="15" status="PASS">
          <reporter-output>
          </reporter-output>
        </test-method> <!-- myTestMethod3 -->
        <test-method signature="myTestMethod3()[pri:0, instance:MyTestClass2@759d26fb]" started-at="2020-03-13T13:33:16Z" name="myTestMethod3" finished-at="2020-03-13T13:33:16Z" duration-ms="12" status="PASS">
          <reporter-output>
          </reporter-output>
        </test-method> <!-- myTestMethod3 -->
        <test-method is-config="true" signature="afterMethod()[pri:0, instance:MyTestClass2@759d26fb]" started-at="2020-03-13T13:33:16Z" name="afterMethod" finished-at="2020-03-13T13:33:16Z" duration-ms="1" status="PASS">
          <reporter-output>
          </reporter-output>
        </test-method> <!-- afterMethod -->
        <test-method is-config="true" signature="beforeMethod()[pri:0, instance:MyTestClass2@759d26fb]" started-at="2020-03-13T13:33:16Z" name="beforeMethod" finished-at="2020-03-13T13:33:16Z" duration-ms="1" status="PASS">
          <reporter-output>
          </reporter-output>
        </test-method> <!-- beforeMethod -->
        <test-method signature="myTestMethod3()[pri:0, instance:MyTestClass2@759d26fb]" started-at="2020-03-13T13:33:16Z" name="myTestMethod3" finished-at="2020-03-13T13:33:16Z" duration-ms="19" status="PASS">
          <reporter-output>
          </reporter-output>
        </test-method> <!-- myTestMethod3 -->
        <test-method is-config="true" signature="afterMethod()[pri:0, instance:MyTestClass2@759d26fb]" started-at="2020-03-13T13:33:16Z" name="afterMethod" finished-at="2020-03-13T13:33:16Z" duration-ms="0" status="PASS">
          <reporter-output>
          </reporter-output>
        </test-method> <!-- afterMethod -->
        <test-method is-config="true" signature="afterMethod()[pri:0, instance:MyTestClass2@759d26fb]" started-at="2020-03-13T13:33:16Z" name="afterMethod" finished-at="2020-03-13T13:33:16Z" duration-ms="0" status="PASS">
          <reporter-output>
          </reporter-output>
        </test-method> <!-- afterMethod -->
        <test-method is-config="true" signature="afterMethod()[pri:0, instance:MyTestClass2@759d26fb]" started-at="2020-03-13T13:33:16Z" name="afterMethod" finished-at="2020-03-13T13:33:16Z" duration-ms="0" status="PASS">
          <reporter-output>
          </reporter-output>
        </test-method> <!-- afterMethod -->
        <test-method is-config="true" signature="afterMethod()[pri:0, instance:MyTestClass2@759d26fb]" started-at="2020-03-13T13:33:16Z" name="afterMethod" finished-at="2020-03-13T13:33:16Z" duration-ms="0" status="PASS">
          <reporter-output>
          </reporter-output>
        </test-method> <!-- afterMethod -->
        <test-method is-config="true" signature="afterMethod()[pri:0, instance:MyTestClass2@759d26fb]" started-at="2020-03-13T13:33:16Z" name="afterMethod" finished-at="2020-03-13T13:33:16Z" duration-ms="0" status="PASS">
          <reporter-output>
          </reporter-output>
        </test-method> <!-- afterMethod -->
        <test-method is-config="true" signature="beforeMethod()[pri:0, instance:MyTestClass2@759d26fb]" started-at="2020-03-13T13:33:16Z" name="beforeMethod" finished-at="2020-03-13T13:33:16Z" duration-ms="0" status="PASS">
          <reporter-output>
          </reporter-output>
        </test-method> <!-- beforeMethod -->
        <test-method signature="myTestMethod4()[pri:0, instance:MyTestClass2@759d26fb]" started-at="2020-03-13T13:33:16Z" name="myTestMethod4" finished-at="2020-03-13T13:33:16Z" duration-ms="5" status="PASS">
          <reporter-output>
          </reporter-output>
        </test-method> <!-- myTestMethod4 -->
        <test-method is-config="true" signature="afterMethod()[pri:0, instance:MyTestClass2@759d26fb]" started-at="2020-03-13T13:33:16Z" name="afterMethod" finished-at="2020-03-13T13:33:16Z" duration-ms="0" status="PASS">
          <reporter-output>
          </reporter-output>
        </test-method> <!-- afterMethod -->
        <test-method is-config="true" signature="afterClass()[pri:0, instance:MyTestClass2@759d26fb]" started-at="2020-03-13T13:33:16Z" name="afterClass" finished-at="2020-03-13T13:33:16Z" duration-ms="2" status="PASS">
          <reporter-output>
          </reporter-output>
        </test-method> <!-- afterClass -->
        <test-method is-config="true" signature="afterTest()[pri:0, instance:MyTestClass2@759d26fb]" started-at="2020-03-13T13:33:16Z" name="afterTest" finished-at="2020-03-13T13:33:16Z" duration-ms="1" status="PASS">
          <reporter-output>
          </reporter-output>
        </test-method> <!-- afterTest -->
      </class> <!-- MyTestClass2 -->
    </test> <!-- Test1 -->
    <test started-at="2020-03-13T20:33:16Z" name="Test2" finished-at="2020-03-13T20:33:16Z" duration-ms="171">
      <class name="MyTestClass2">
        <test-method is-config="true" signature="beforeClass()[pri:0, instance:MyTestClass2@32ee6fee]" started-at="2020-03-13T13:33:16Z" name="beforeClass" finished-at="2020-03-13T13:33:16Z" duration-ms="1" status="PASS">
          <reporter-output>
          </reporter-output>
        </test-method> <!-- beforeClass -->
        <test-method is-config="true" signature="beforeMethod()[pri:0, instance:MyTestClass2@32ee6fee]" started-at="2020-03-13T13:33:16Z" name="beforeMethod" finished-at="2020-03-13T13:33:16Z" duration-ms="1" status="PASS">
          <reporter-output>
          </reporter-output>
        </test-method> <!-- beforeMethod -->
        <test-method is-config="true" signature="beforeMethod()[pri:0, instance:MyTestClass2@32ee6fee]" started-at="2020-03-13T13:33:16Z" name="beforeMethod" finished-at="2020-03-13T13:33:16Z" duration-ms="1" status="PASS">
          <reporter-output>
          </reporter-output>
        </test-method> <!-- beforeMethod -->
        <test-method signature="myTestMethod3()[pri:0, instance:MyTestClass2@32ee6fee]" started-at="2020-03-13T13:33:16Z" name="myTestMethod3" finished-at="2020-03-13T13:33:16Z" duration-ms="10" status="PASS">
          <reporter-output>
          </reporter-output>
        </test-method> <!-- myTestMethod3 -->
        <test-method is-config="true" signature="beforeMethod()[pri:0, instance:MyTestClass2@32ee6fee]" started-at="2020-03-13T13:33:16Z" name="beforeMethod" finished-at="2020-03-13T13:33:16Z" duration-ms="1" status="PASS">
          <reporter-output>
          </reporter-output>
        </test-method> <!-- beforeMethod -->
        <test-method is-config="true" signature="beforeMethod()[pri:0, instance:MyTestClass2@32ee6fee]" started-at="2020-03-13T13:33:16Z" name="beforeMethod" finished-at="2020-03-13T13:33:16Z" duration-ms="6" status="PASS">
          <reporter-output>
          </reporter-output>
        </test-method> <!-- beforeMethod -->
        <test-method signature="myTestMethod3()[pri:0, instance:MyTestClass2@32ee6fee]" started-at="2020-03-13T13:33:16Z" name="myTestMethod3" finished-at="2020-03-13T13:33:16Z" duration-ms="7" status="PASS">
          <reporter-output>
          </reporter-output>
        </test-method> <!-- myTestMethod3 -->
        <test-method signature="myTestMethod3()[pri:0, instance:MyTestClass2@32ee6fee]" started-at="2020-03-13T13:33:16Z" name="myTestMethod3" finished-at="2020-03-13T13:33:16Z" duration-ms="5" status="PASS">
          <reporter-output>
          </reporter-output>
        </test-method> <!-- myTestMethod3 -->
        <test-method is-config="true" signature="beforeMethod()[pri:0, instance:MyTestClass2@32ee6fee]" started-at="2020-03-13T13:33:16Z" name="beforeMethod" finished-at="2020-03-13T13:33:16Z" duration-ms="0" status="PASS">
          <reporter-output>
          </reporter-output>
        </test-method> <!-- beforeMethod -->
        <test-method signature="myTestMethod3()[pri:0, instance:MyTestClass2@32ee6fee]" started-at="2020-03-13T13:33:16Z" name="myTestMethod3" finished-at="2020-03-13T13:33:16Z" duration-ms="31" status="PASS">
          <reporter-output>
          </reporter-output>
        </test-method> <!-- myTestMethod3 -->
        <test-method signature="myTestMethod3()[pri:0, instance:MyTestClass2@32ee6fee]" started-at="2020-03-13T13:33:16Z" name="myTestMethod3" finished-at="2020-03-13T13:33:16Z" duration-ms="24" status="PASS">
          <reporter-output>
          </reporter-output>
        </test-method> <!-- myTestMethod3 -->
        <test-method is-config="true" signature="afterMethod()[pri:0, instance:MyTestClass2@32ee6fee]" started-at="2020-03-13T13:33:16Z" name="afterMethod" finished-at="2020-03-13T13:33:16Z" duration-ms="1" status="PASS">
          <reporter-output>
          </reporter-output>
        </test-method> <!-- afterMethod -->
        <test-method is-config="true" signature="beforeMethod()[pri:0, instance:MyTestClass2@32ee6fee]" started-at="2020-03-13T13:33:16Z" name="beforeMethod" finished-at="2020-03-13T13:33:16Z" duration-ms="0" status="PASS">
          <reporter-output>
          </reporter-output>
        </test-method> <!-- beforeMethod -->
        <test-method signature="myTestMethod3()[pri:0, instance:MyTestClass2@32ee6fee]" started-at="2020-03-13T13:33:16Z" name="myTestMethod3" finished-at="2020-03-13T13:33:16Z" duration-ms="11" status="PASS">
          <reporter-output>
          </reporter-output>
        </test-method> <!-- myTestMethod3 -->
        <test-method is-config="true" signature="afterMethod()[pri:0, instance:MyTestClass2@32ee6fee]" started-at="2020-03-13T13:33:16Z" name="afterMethod" finished-at="2020-03-13T13:33:16Z" duration-ms="4" status="PASS">
          <reporter-output>
          </reporter-output>
        </test-method> <!-- afterMethod -->
        <test-method is-config="true" signature="afterMethod()[pri:0, instance:MyTestClass2@32ee6fee]" started-at="2020-03-13T13:33:16Z" name="afterMethod" finished-at="2020-03-13T13:33:16Z" duration-ms="1" status="PASS">
          <reporter-output>
          </reporter-output>
        </test-method> <!-- afterMethod -->
        <test-method is-config="true" signature="afterMethod()[pri:0, instance:MyTestClass2@32ee6fee]" started-at="2020-03-13T13:33:16Z" name="afterMethod" finished-at="2020-03-13T13:33:16Z" duration-ms="1" status="PASS">
          <reporter-output>
          </reporter-output>
        </test-method> <!-- afterMethod -->
        <test-method is-config="true" signature="afterMethod()[pri:0, instance:MyTestClass2@32ee6fee]" started-at="2020-03-13T13:33:16Z" name="afterMethod" finished-at="2020-03-13T13:33:16Z" duration-ms="0" status="PASS">
          <reporter-output>
          </reporter-output>
        </test-method> <!-- afterMethod -->
        <test-method is-config="true" signature="afterMethod()[pri:0, instance:MyTestClass2@32ee6fee]" started-at="2020-03-13T13:33:16Z" name="afterMethod" finished-at="2020-03-13T13:33:16Z" duration-ms="0" status="PASS">
          <reporter-output>
          </reporter-output>
        </test-method> <!-- afterMethod -->
        <test-method is-config="true" signature="beforeMethod()[pri:0, instance:MyTestClass2@32ee6fee]" started-at="2020-03-13T13:33:16Z" name="beforeMethod" finished-at="2020-03-13T13:33:16Z" duration-ms="2" status="PASS">
          <reporter-output>
          </reporter-output>
        </test-method> <!-- beforeMethod -->
        <test-method signature="myTestMethod4()[pri:0, instance:MyTestClass2@32ee6fee]" started-at="2020-03-13T13:33:16Z" name="myTestMethod4" finished-at="2020-03-13T13:33:16Z" duration-ms="2" status="PASS">
          <reporter-output>
          </reporter-output>
        </test-method> <!-- myTestMethod4 -->
        <test-method is-config="true" signature="afterMethod()[pri:0, instance:MyTestClass2@32ee6fee]" started-at="2020-03-13T13:33:16Z" name="afterMethod" finished-at="2020-03-13T13:33:16Z" duration-ms="1" status="PASS">
          <reporter-output>
          </reporter-output>
        </test-method> <!-- afterMethod -->
        <test-method is-config="true" signature="afterClass()[pri:0, instance:MyTestClass2@32ee6fee]" started-at="2020-03-13T13:33:16Z" name="afterClass" finished-at="2020-03-13T13:33:16Z" duration-ms="0" status="PASS">
          <reporter-output>
          </reporter-output>
        </test-method> <!-- afterClass -->
      </class> <!-- MyTestClass2 -->
      <class name="MyTestClass1">
        <test-method is-config="true" signature="beforeSuite()[pri:0, instance:MyTestClass1@5562c41e]" started-at="2020-03-13T13:33:16Z" name="beforeSuite" finished-at="2020-03-13T13:33:16Z" duration-ms="25" status="PASS">
          <reporter-output>
          </reporter-output>
        </test-method> <!-- beforeSuite -->
        <test-method is-config="true" signature="beforeTest()[pri:0, instance:MyTestClass1@5562c41e]" started-at="2020-03-13T13:33:16Z" name="beforeTest" finished-at="2020-03-13T13:33:16Z" duration-ms="1" status="PASS">
          <reporter-output>
          </reporter-output>
        </test-method> <!-- beforeTest -->
        <test-method is-config="true" signature="beforeClass()[pri:0, instance:MyTestClass1@5562c41e]" started-at="2020-03-13T13:33:16Z" name="beforeClass" finished-at="2020-03-13T13:33:16Z" duration-ms="2" status="PASS">
          <reporter-output>
          </reporter-output>
        </test-method> <!-- beforeClass -->
        <test-method is-config="true" signature="beforeMethod()[pri:0, instance:MyTestClass1@5562c41e]" started-at="2020-03-13T13:33:16Z" name="beforeMethod" finished-at="2020-03-13T13:33:16Z" duration-ms="1" status="PASS">
          <reporter-output>
          </reporter-output>
        </test-method> <!-- beforeMethod -->
        <test-method signature="myTestMethod1()[pri:0, instance:MyTestClass1@5562c41e]" started-at="2020-03-13T13:33:16Z" name="myTestMethod1" finished-at="2020-03-13T13:33:16Z" duration-ms="15" status="PASS">
          <reporter-output>
          </reporter-output>
        </test-method> <!-- myTestMethod1 -->
        <test-method is-config="true" signature="afterMethod()[pri:0, instance:MyTestClass1@5562c41e]" started-at="2020-03-13T13:33:16Z" name="afterMethod" finished-at="2020-03-13T13:33:16Z" duration-ms="1" status="PASS">
          <reporter-output>
          </reporter-output>
        </test-method> <!-- afterMethod -->
        <test-method is-config="true" signature="beforeMethod()[pri:0, instance:MyTestClass1@5562c41e]" started-at="2020-03-13T13:33:16Z" name="beforeMethod" finished-at="2020-03-13T13:33:16Z" duration-ms="1" status="PASS">
          <reporter-output>
          </reporter-output>
        </test-method> <!-- beforeMethod -->
        <test-method signature="myTestMethod2()[pri:0, instance:MyTestClass1@5562c41e]" started-at="2020-03-13T13:33:16Z" name="myTestMethod2" finished-at="2020-03-13T13:33:16Z" duration-ms="13" status="PASS">
          <reporter-output>
          </reporter-output>
        </test-method> <!-- myTestMethod2 -->
        <test-method is-config="true" signature="afterMethod()[pri:0, instance:MyTestClass1@5562c41e]" started-at="2020-03-13T13:33:16Z" name="afterMethod" finished-at="2020-03-13T13:33:16Z" duration-ms="0" status="PASS">
          <reporter-output>
          </reporter-output>
        </test-method> <!-- afterMethod -->
        <test-method is-config="true" signature="afterClass()[pri:0, instance:MyTestClass1@5562c41e]" started-at="2020-03-13T13:33:16Z" name="afterClass" finished-at="2020-03-13T13:33:16Z" duration-ms="1" status="PASS">
          <reporter-output>
          </reporter-output>
        </test-method> <!-- afterClass -->
        <test-method is-config="true" signature="afterTest()[pri:0, instance:MyTestClass1@5562c41e]" started-at="2020-03-13T13:33:16Z" name="afterTest" finished-at="2020-03-13T13:33:16Z" duration-ms="0" status="PASS">
          <reporter-output>
          </reporter-output>
        </test-method> <!-- afterTest -->
        <test-method is-config="true" signature="afterSuite()[pri:0, instance:MyTestClass1@5562c41e]" started-at="2020-03-13T13:33:16Z" name="afterSuite" finished-at="2020-03-13T13:33:16Z" duration-ms="0" status="PASS">
          <reporter-output>
          </reporter-output>
        </test-method> <!-- afterSuite -->
      </class> <!-- MyTestClass1 -->
    </test> <!-- Test2 -->
  </suite> <!-- Suite -->
</testng-results>
