<?xml version="1.0" encoding="UTF-8"?>
<!-- Generated by org.testng.reporters.JUnitXMLReporter -->
<testsuite hostname="Karthiks-MacBook-Air.local" failures="0" tests="7" name="Default test" time="0.187" errors="0" timestamp="9 Mar 2020 21:57:23 GMT">
  <testcase classname="MyTestClass2" name="myTestMethod3" time="0.024"/>
  <testcase classname="MyTestClass2" name="myTestMethod3" time="0.027"/>
  <testcase classname="MyTestClass2" name="myTestMethod3" time="0.043"/>
  <testcase classname="MyTestClass2" name="myTestMethod3" time="0.048"/>
  <testcase classname="MyTestClass2" name="myTestMethod3" time="0.056"/>
  <testcase classname="MyTestClass2" name="myTestMethod3" time="0.008"/>
  <testcase classname="MyTestClass2" name="myTestMethod4" time="0.004"/>
</testsuite> <!-- Default test -->
